0 info it worked if it ends with ok
1 verbose cli [ 'node', '/usr/local/bin/npm', 'install', '-g', 'express' ]
2 info using npm@2.10.1
3 info using node@v0.12.4
4 verbose install initial load of /usr/local/lib/package.json
5 verbose readDependencies loading dependencies from /usr/local/lib/package.json
6 silly cache add args [ 'express', null ]
7 verbose cache add spec express
8 silly cache add parsed spec { raw: 'express',
8 silly cache add   scope: null,
8 silly cache add   name: 'express',
8 silly cache add   rawSpec: '',
8 silly cache add   spec: '*',
8 silly cache add   type: 'range' }
9 silly addNamed express@*
10 verbose addNamed "*" is a valid semver range for express
11 silly addNameRange { name: 'express', range: '*', hasData: false }
12 silly mapToRegistry name express
13 silly mapToRegistry using default registry
14 silly mapToRegistry registry https://registry.npmjs.org/
15 silly mapToRegistry uri https://registry.npmjs.org/express
16 verbose addNameRange registry:https://registry.npmjs.org/express not in flight; fetching
17 verbose request uri https://registry.npmjs.org/express
18 verbose request no auth needed
19 info attempt registry request try #1 at 15:30:31
20 verbose request id 5eb4604e89166617
21 verbose etag "2LZ57M0WI5OSBYO9EKMTPFSP"
22 http request GET https://registry.npmjs.org/express
23 info retry will retry, error on last attempt: Error: getaddrinfo ENOTFOUND registry.npmjs.org
24 info attempt registry request try #2 at 15:31:12
25 verbose etag "2LZ57M0WI5OSBYO9EKMTPFSP"
26 http request GET https://registry.npmjs.org/express
27 http 304 https://registry.npmjs.org/express
28 silly get cb [ 304,
28 silly get   { date: 'Wed, 24 Jun 2015 07:31:14 GMT',
28 silly get     via: '1.1 varnish',
28 silly get     'cache-control': 'max-age=60',
28 silly get     etag: '"2LZ57M0WI5OSBYO9EKMTPFSP"',
28 silly get     age: '15',
28 silly get     connection: 'keep-alive',
28 silly get     'x-served-by': 'cache-bma7031-BMA',
28 silly get     'x-cache': 'HIT',
28 silly get     'x-cache-hits': '1',
28 silly get     'x-timer': 'S1435131074.287877,VS0,VE4',
28 silly get     vary: 'Accept' } ]
29 verbose etag https://registry.npmjs.org/express from cache
30 verbose get saving express to /Users/bluexu/.npm/registry.npmjs.org/express/.cache.json
31 silly addNameRange number 2 { name: 'express', range: '*', hasData: true }
32 silly addNameRange versions [ 'express',
32 silly addNameRange   [ '0.14.0',
32 silly addNameRange     '0.14.1',
32 silly addNameRange     '1.0.0',
32 silly addNameRange     '1.0.1',
32 silly addNameRange     '1.0.2',
32 silly addNameRange     '1.0.3',
32 silly addNameRange     '1.0.4',
32 silly addNameRange     '1.0.5',
32 silly addNameRange     '1.0.6',
32 silly addNameRange     '1.0.7',
32 silly addNameRange     '1.0.8',
32 silly addNameRange     '2.0.0',
32 silly addNameRange     '2.1.0',
32 silly addNameRange     '2.1.1',
32 silly addNameRange     '2.2.0',
32 silly addNameRange     '2.2.1',
32 silly addNameRange     '2.2.2',
32 silly addNameRange     '2.3.0',
32 silly addNameRange     '2.3.1',
32 silly addNameRange     '2.3.2',
32 silly addNameRange     '2.3.3',
32 silly addNameRange     '2.3.4',
32 silly addNameRange     '2.3.5',
32 silly addNameRange     '2.3.6',
32 silly addNameRange     '2.3.7',
32 silly addNameRange     '2.3.8',
32 silly addNameRange     '2.3.9',
32 silly addNameRange     '2.3.10',
32 silly addNameRange     '2.3.11',
32 silly addNameRange     '2.3.12',
32 silly addNameRange     '2.4.0',
32 silly addNameRange     '2.4.1',
32 silly addNameRange     '2.4.2',
32 silly addNameRange     '2.4.3',
32 silly addNameRange     '2.4.4',
32 silly addNameRange     '2.4.5',
32 silly addNameRange     '2.4.6',
32 silly addNameRange     '2.4.7',
32 silly addNameRange     '2.5.0',
32 silly addNameRange     '2.5.1',
32 silly addNameRange     '2.5.2',
32 silly addNameRange     '2.5.3',
32 silly addNameRange     '2.5.4',
32 silly addNameRange     '2.5.5',
32 silly addNameRange     '2.5.6',
32 silly addNameRange     '2.5.7',
32 silly addNameRange     '2.5.8',
32 silly addNameRange     '2.5.9',
32 silly addNameRange     '2.5.10',
32 silly addNameRange     '2.5.11',
32 silly addNameRange     '3.0.0',
32 silly addNameRange     '3.0.1',
32 silly addNameRange     '3.0.2',
32 silly addNameRange     '3.0.3',
32 silly addNameRange     '3.0.4',
32 silly addNameRange     '3.0.5',
32 silly addNameRange     '3.0.6',
32 silly addNameRange     '3.1.0',
32 silly addNameRange     '3.1.1',
32 silly addNameRange     '3.1.2',
32 silly addNameRange     '3.2.0',
32 silly addNameRange     '3.2.1',
32 silly addNameRange     '3.2.2',
32 silly addNameRange     '3.2.3',
32 silly addNameRange     '3.2.4',
32 silly addNameRange     '3.2.5',
32 silly addNameRange     '3.2.6',
32 silly addNameRange     '3.3.0',
32 silly addNameRange     '3.3.1',
32 silly addNameRange     '3.3.2',
32 silly addNameRange     '3.3.3',
32 silly addNameRange     '3.3.4',
32 silly addNameRange     '3.3.5',
32 silly addNameRange     '3.3.6',
32 silly addNameRange     '1.0.0-beta',
32 silly addNameRange     '1.0.0-beta2',
32 silly addNameRange     '1.0.0-rc',
32 silly addNameRange     '1.0.0-rc2',
32 silly addNameRange     '1.0.0-rc3',
32 silly addNameRange     '1.0.0-rc4',
32 silly addNameRange     '2.0.0-beta',
32 silly addNameRange     '2.0.0-beta2',
32 silly addNameRange     '2.0.0-beta3',
32 silly addNameRange     '2.0.0-rc',
32 silly addNameRange     '2.0.0-rc2',
32 silly addNameRange     '2.0.0-rc3',
32 silly addNameRange     '3.0.0-alpha1',
32 silly addNameRange     '3.0.0-alpha2',
32 silly addNameRange     '3.0.0-alpha3',
32 silly addNameRange     '3.0.0-alpha4',
32 silly addNameRange     '3.0.0-alpha5',
32 silly addNameRange     '3.0.0-beta1',
32 silly addNameRange     '3.0.0-beta2',
32 silly addNameRange     '3.0.0-beta3',
32 silly addNameRange     '3.0.0-beta4',
32 silly addNameRange     '3.0.0-beta6',
32 silly addNameRange     '3.0.0-beta7',
32 silly addNameRange     '3.0.0-rc1',
32 silly addNameRange     '3.0.0-rc2',
32 silly addNameRange     '3.0.0-rc3',
32 silly addNameRange     '3.0.0-rc4',
32 silly addNameRange     '3.0.0-rc5',
32 silly addNameRange     '3.3.7',
32 silly addNameRange     '3.3.8',
32 silly addNameRange     '3.4.0',
32 silly addNameRange     '3.4.1',
32 silly addNameRange     '3.4.2',
32 silly addNameRange     '3.4.3',
32 silly addNameRange     '3.4.4',
32 silly addNameRange     '3.4.5',
32 silly addNameRange     '3.4.6',
32 silly addNameRange     '3.4.7',
32 silly addNameRange     '3.4.8',
32 silly addNameRange     '4.0.0-rc1',
32 silly addNameRange     '4.0.0-rc2',
32 silly addNameRange     '3.5.0',
32 silly addNameRange     '4.0.0-rc3',
32 silly addNameRange     '4.0.0-rc4',
32 silly addNameRange     '3.5.1',
32 silly addNameRange     '4.0.0',
32 silly addNameRange     '3.5.2',
32 silly addNameRange     '4.1.0',
32 silly addNameRange     '4.1.1',
32 silly addNameRange     '3.5.3',
32 silly addNameRange     '4.1.2',
32 silly addNameRange     '3.6.0',
32 silly addNameRange     '4.2.0',
32 silly addNameRange     '3.7.0',
32 silly addNameRange     '3.8.0',
32 silly addNameRange     '4.3.0',
32 silly addNameRange     '4.3.1',
32 silly addNameRange     '3.8.1',
32 silly addNameRange     '4.3.2',
32 silly addNameRange     '3.9.0',
32 silly addNameRange     '4.4.0',
32 silly addNameRange     '4.4.1',
32 silly addNameRange     '3.10.0',
32 silly addNameRange     '3.10.1',
32 silly addNameRange     '3.10.2',
32 silly addNameRange     '3.10.3',
32 silly addNameRange     '3.10.4',
32 silly addNameRange     '4.4.2',
32 silly addNameRange     '3.10.5',
32 silly addNameRange     '4.4.3',
32 silly addNameRange     '3.11.0',
32 silly addNameRange     '4.4.4',
32 silly addNameRange     '3.12.0',
32 silly addNameRange     '3.12.1',
32 silly addNameRange     '4.4.5',
32 silly addNameRange     '3.13.0',
32 silly addNameRange     '4.5.0',
32 silly addNameRange     '4.5.1',
32 silly addNameRange     '3.14.0',
32 silly addNameRange     '4.6.0',
32 silly addNameRange     '4.6.1',
32 silly addNameRange     '3.15.0',
32 silly addNameRange     '4.7.0',
32 silly addNameRange     '3.15.1',
32 silly addNameRange     '4.7.1',
32 silly addNameRange     '3.15.2',
32 silly addNameRange     '4.7.2',
32 silly addNameRange     '4.7.3',
32 silly addNameRange     '3.15.3',
32 silly addNameRange     '4.7.4',
32 silly addNameRange     '3.16.0',
32 silly addNameRange     '4.8.0',
32 silly addNameRange     '3.16.1',
32 silly addNameRange     '4.8.1',
32 silly addNameRange     '3.16.2',
32 silly addNameRange     '4.8.2',
32 silly addNameRange     '3.16.3',
32 silly addNameRange     '3.16.4',
32 silly addNameRange     '4.8.3',
32 silly addNameRange     '3.16.5',
32 silly addNameRange     '3.16.6',
32 silly addNameRange     '4.8.4',
32 silly addNameRange     '3.16.7',
32 silly addNameRange     '4.8.5',
32 silly addNameRange     '3.16.8',
32 silly addNameRange     '4.8.6',
32 silly addNameRange     '3.16.9',
32 silly addNameRange     '4.8.7',
32 silly addNameRange     '3.16.10',
32 silly addNameRange     '4.8.8',
32 silly addNameRange     '3.17.0',
32 silly addNameRange     '3.17.1',
32 silly addNameRange     '4.9.0',
32 silly addNameRange     '3.17.2',
32 silly addNameRange     '4.9.1',
32 silly addNameRange     '4.9.2',
32 silly addNameRange     '3.17.3',
32 silly addNameRange     '4.9.3',
32 silly addNameRange     '3.17.4',
32 silly addNameRange     '4.9.4',
32 silly addNameRange     '3.17.5',
32 silly addNameRange     '4.9.5',
32 silly addNameRange     '3.17.6',
32 silly addNameRange     '3.17.7',
32 silly addNameRange     '4.9.6',
32 silly addNameRange     '4.9.7',
32 silly addNameRange     '3.17.8',
32 silly addNameRange     '4.9.8',
32 silly addNameRange     '3.18.0',
32 silly addNameRange     '3.18.1',
32 silly addNameRange     '4.10.0',
32 silly addNameRange     '3.18.2',
32 silly addNameRange     '4.10.1',
32 silly addNameRange     '5.0.0-alpha.1',
32 silly addNameRange     '3.18.3',
32 silly addNameRange     '4.10.2',
32 silly addNameRange     '3.18.4',
32 silly addNameRange     '4.10.3',
32 silly addNameRange     '4.10.4',
32 silly addNameRange     '4.10.5',
32 silly addNameRange     '3.18.5',
32 silly addNameRange     '3.18.6',
32 silly addNameRange     '4.10.6',
32 silly addNameRange     '4.10.7',
32 silly addNameRange     '3.19.0',
32 silly addNameRange     '4.10.8',
32 silly addNameRange     '4.11.0',
32 silly addNameRange     '3.19.1',
32 silly addNameRange     '4.11.1',
32 silly addNameRange     '3.19.2',
32 silly addNameRange     '4.11.2',
32 silly addNameRange     '3.20.0',
32 silly addNameRange     '4.12.0',
32 silly addNameRange     '3.20.1',
32 silly addNameRange     '4.12.1',
32 silly addNameRange     '4.12.2',
32 silly addNameRange     '3.20.2',
32 silly addNameRange     '4.12.3',
32 silly addNameRange     '3.20.3',
32 silly addNameRange     '4.12.4',
32 silly addNameRange     '3.21.0',
32 silly addNameRange     '4.13.0' ] ]
33 silly addNamed express@4.13.0
34 verbose addNamed "4.13.0" is a plain semver version for express
35 silly cache afterAdd express@4.13.0
36 verbose afterAdd /Users/bluexu/.npm/express/4.13.0/package/package.json not in flight; writing
37 verbose afterAdd /Users/bluexu/.npm/express/4.13.0/package/package.json written
38 silly install resolved [ { name: 'express',
38 silly install resolved     description: 'Fast, unopinionated, minimalist web framework',
38 silly install resolved     version: '4.13.0',
38 silly install resolved     author: { name: 'TJ Holowaychuk', email: 'tj@vision-media.ca' },
38 silly install resolved     contributors:
38 silly install resolved      [ [Object],
38 silly install resolved        [Object],
38 silly install resolved        [Object],
38 silly install resolved        [Object],
38 silly install resolved        [Object],
38 silly install resolved        [Object],
38 silly install resolved        [Object] ],
38 silly install resolved     license: 'MIT',
38 silly install resolved     repository:
38 silly install resolved      { type: 'git',
38 silly install resolved        url: 'git+https://github.com/strongloop/express.git' },
38 silly install resolved     homepage: 'http://expressjs.com/',
38 silly install resolved     keywords:
38 silly install resolved      [ 'express',
38 silly install resolved        'framework',
38 silly install resolved        'sinatra',
38 silly install resolved        'web',
38 silly install resolved        'rest',
38 silly install resolved        'restful',
38 silly install resolved        'router',
38 silly install resolved        'app',
38 silly install resolved        'api' ],
38 silly install resolved     dependencies:
38 silly install resolved      { accepts: '~1.2.9',
38 silly install resolved        'array-flatten': '1.1.0',
38 silly install resolved        'content-disposition': '0.5.0',
38 silly install resolved        'content-type': '~1.0.1',
38 silly install resolved        cookie: '0.1.3',
38 silly install resolved        'cookie-signature': '1.0.6',
38 silly install resolved        debug: '~2.2.0',
38 silly install resolved        depd: '~1.0.1',
38 silly install resolved        'escape-html': '1.0.2',
38 silly install resolved        etag: '~1.7.0',
38 silly install resolved        finalhandler: '0.4.0',
38 silly install resolved        fresh: '0.3.0',
38 silly install resolved        'merge-descriptors': '1.0.0',
38 silly install resolved        methods: '~1.1.1',
38 silly install resolved        'on-finished': '~2.3.0',
38 silly install resolved        parseurl: '~1.3.0',
38 silly install resolved        'path-to-regexp': '0.1.6',
38 silly install resolved        'proxy-addr': '~1.0.8',
38 silly install resolved        qs: '2.4.2',
38 silly install resolved        'range-parser': '~1.0.2',
38 silly install resolved        send: '0.13.0',
38 silly install resolved        'serve-static': '~1.10.0',
38 silly install resolved        'type-is': '~1.6.3',
38 silly install resolved        vary: '~1.0.0',
38 silly install resolved        'utils-merge': '1.0.0' },
38 silly install resolved     devDependencies:
38 silly install resolved      { after: '0.8.1',
38 silly install resolved        ejs: '2.3.1',
38 silly install resolved        istanbul: '0.3.9',
38 silly install resolved        marked: '0.3.3',
38 silly install resolved        mocha: '2.2.5',
38 silly install resolved        should: '7.0.1',
38 silly install resolved        supertest: '1.0.1',
38 silly install resolved        'body-parser': '~1.13.1',
38 silly install resolved        'connect-redis': '~2.3.0',
38 silly install resolved        'cookie-parser': '~1.3.5',
38 silly install resolved        'cookie-session': '~1.1.0',
38 silly install resolved        'express-session': '~1.11.3',
38 silly install resolved        jade: '~1.11.0',
38 silly install resolved        'method-override': '~2.3.3',
38 silly install resolved        morgan: '~1.6.0',
38 silly install resolved        multiparty: '~4.1.2',
38 silly install resolved        vhost: '~3.0.0' },
38 silly install resolved     engines: { node: '>= 0.10.0' },
38 silly install resolved     files: [ 'LICENSE', 'History.md', 'Readme.md', 'index.js', 'lib/' ],
38 silly install resolved     scripts:
38 silly install resolved      { test: 'mocha --require test/support/env --reporter spec --bail --check-leaks test/ test/acceptance/',
38 silly install resolved        'test-ci': 'istanbul cover node_modules/mocha/bin/_mocha --report lcovonly -- --require test/support/env --reporter spec --check-leaks test/ test/acceptance/',
38 silly install resolved        'test-cov': 'istanbul cover node_modules/mocha/bin/_mocha -- --require test/support/env --reporter dot --check-leaks test/ test/acceptance/',
38 silly install resolved        'test-tap': 'mocha --require test/support/env --reporter tap --check-leaks test/ test/acceptance/' },
38 silly install resolved     gitHead: '6c7a36733891ddd6089ee4f267d731383bf58ea9',
38 silly install resolved     bugs: { url: 'https://github.com/strongloop/express/issues' },
38 silly install resolved     _id: 'express@4.13.0',
38 silly install resolved     _shasum: '0678bdbc72715170b3fcc917052f046cb9689add',
38 silly install resolved     _from: 'express@*',
38 silly install resolved     _npmVersion: '1.4.28',
38 silly install resolved     _npmUser: { name: 'dougwilson', email: 'doug@somethingdoug.com' },
38 silly install resolved     maintainers:
38 silly install resolved      [ [Object],
38 silly install resolved        [Object],
38 silly install resolved        [Object],
38 silly install resolved        [Object],
38 silly install resolved        [Object],
38 silly install resolved        [Object],
38 silly install resolved        [Object] ],
38 silly install resolved     dist:
38 silly install resolved      { shasum: '0678bdbc72715170b3fcc917052f046cb9689add',
38 silly install resolved        tarball: 'http://registry.npmjs.org/express/-/express-4.13.0.tgz' },
38 silly install resolved     directories: {},
38 silly install resolved     _resolved: 'https://registry.npmjs.org/express/-/express-4.13.0.tgz',
38 silly install resolved     readme: 'ERROR: No README data found!' } ]
39 info install express@4.13.0 into /usr/local/lib
40 info installOne express@4.13.0
41 verbose installOne of express to /usr/local/lib not in flight; installing
42 verbose lock using /Users/bluexu/.npm/_locks/express-59b5b7164c5e2658.lock for /usr/local/lib/node_modules/express
43 silly install write writing express 4.13.0 to /usr/local/lib/node_modules/express
44 verbose unbuild lib/node_modules/express
45 silly gentlyRm /usr/local/lib/node_modules/express is being purged from base /usr/local
46 verbose gentlyRm don't care about contents; nuking /usr/local/lib/node_modules/express
47 verbose tar unpack /Users/bluexu/.npm/express/4.13.0/package.tgz
48 verbose tar unpacking to /usr/local/lib/node_modules/express
49 silly gentlyRm /usr/local/lib/node_modules/express is being purged
50 verbose gentlyRm don't care about contents; nuking /usr/local/lib/node_modules/express
51 silly gunzTarPerm modes [ '755', '644' ]
52 error tar.unpack untar error /Users/bluexu/.npm/express/4.13.0/package.tgz
53 verbose unlock done using /Users/bluexu/.npm/_locks/express-59b5b7164c5e2658.lock for /usr/local/lib/node_modules/express
54 verbose fstream_path /usr/local/lib/node_modules/express
55 verbose fstream_type Directory
56 verbose fstream_class DirWriter
57 verbose stack Error: EACCES, mkdir '/usr/local/lib/node_modules/express'
57 verbose stack     at Error (native)
58 verbose fstream_stack /usr/local/lib/node_modules/npm/node_modules/fstream/lib/dir-writer.js:35:25
58 verbose fstream_stack /usr/local/lib/node_modules/npm/node_modules/mkdirp/index.js:47:53
58 verbose fstream_stack FSReqWrap.oncomplete (fs.js:95:15)
59 verbose cwd /Users/bluexu/Desktop/node/nodejscoff
60 error Darwin 14.3.0
61 error argv "node" "/usr/local/bin/npm" "install" "-g" "express"
62 error node v0.12.4
63 error npm  v2.10.1
64 error path /usr/local/lib/node_modules/express
65 error code EACCES
66 error errno -13
67 error Error: EACCES, mkdir '/usr/local/lib/node_modules/express'
67 error     at Error (native)
67 error  { [Error: EACCES, mkdir '/usr/local/lib/node_modules/express']
67 error   errno: -13,
67 error   code: 'EACCES',
67 error   path: '/usr/local/lib/node_modules/express',
67 error   fstream_type: 'Directory',
67 error   fstream_path: '/usr/local/lib/node_modules/express',
67 error   fstream_class: 'DirWriter',
67 error   fstream_stack:
67 error    [ '/usr/local/lib/node_modules/npm/node_modules/fstream/lib/dir-writer.js:35:25',
67 error      '/usr/local/lib/node_modules/npm/node_modules/mkdirp/index.js:47:53',
67 error      'FSReqWrap.oncomplete (fs.js:95:15)' ] }
68 error Please try running this command again as root/Administrator.
69 verbose exit [ -13, true ]
70 verbose unbuild lib/node_modules/express
71 silly gentlyRm /usr/local/lib/node_modules/express is being purged from base /usr/local
72 verbose gentlyRm don't care about contents; nuking /usr/local/lib/node_modules/express
